<?xml version="1.0" encoding="UTF-8"?>
<testsuites name="TestSuiteKatalon" time="45.757" tests="3" failures="0" errors="0">
   <testsuite name="TestSuiteKatalon" tests="3" failures="0" errors="0" time="45.757" skipped="0" timestamp="2023-11-09 12:51:49" hostname="Nikhil - LP-TZD-0X113221.IN.COFORGETECH.COM" id="Test Suites/TestSuiteKatalon">
      <properties>
         <property name="deviceName" value=""/>
         <property name="devicePlatform" value=""/>
         <property name="logFolder" value="C:\\Users\\Nikhil\\git\\KatalonJenkins\\Reports\\20231109_125142\\TestSuiteKatalon\\20231109_125142"/>
         <property name="logFiles" value="C:\\Users\\Nikhil\\git\\KatalonJenkins\\Reports\\20231109_125142\\TestSuiteKatalon\\20231109_125142\\execution0.log"/>
         <property name="attachments" value=""/>
         <property name="hostName" value="Nikhil - LP-TZD-0X113221.IN.COFORGETECH.COM"/>
         <property name="os" value="Windows 11 64bit"/>
         <property name="katalonVersion" value="9.0.0.212"/>
         <property name="browser" value="Chrome 119.0.0.0"/>
         <property name="hostAddress" value="172.19.200.102"/>
         <property name="sessionId" value="eafa63b848632c466b37dac9506684bb"/>
         <property name="seleniumVersion" value="3.141.59"/>
         <property name="proxyInformation" value="ProxyInformation { proxyOption=NO_PROXY, proxyServerType=HTTP, username=, password=********, proxyServerAddress=, proxyServerPort=0, executionList=&quot;&quot;, isApplyToDesiredCapabilities=true }"/>
         <property name="platform" value="Windows 11"/>
      </properties>
      <testcase name="Test Cases/TestCase1" time="12.389" classname="Test Cases/TestCase1" status="PASSED">
         <system-out><![CDATA[2023-11-09 12:51:49 - [TEST_CASE][PASSED] - Test Cases/TestCase1: Test Cases/TestCase1

2023-11-09 12:51:49 - [TEST_STEP][PASSED] - openBrowser("https://opensource-demo.orangehrmlive.com/web/index.php/auth/login"): Browser is opened with url: 'https://opensource-demo.orangehrmlive.com/web/index.php/auth/login'

2023-11-09 12:51:49 - [MESSAGE][INFO] - Starting 'Chrome' driver

2023-11-09 12:51:49 - [MESSAGE][INFO] - Action delay is set to 0 milliseconds

2023-11-09 12:51:57 - [MESSAGE][PASSED] - Browser is opened with url: 'https://opensource-demo.orangehrmlive.com/web/index.php/auth/login'

2023-11-09 12:51:57 - [TEST_STEP][PASSED] - setText(findTestObject("Object Repository/Page_OrangeHRM/input_username"), "Admin"): Text 'Admin' is set on object 'Object Repository/Page_OrangeHRM/input_username'

2023-11-09 12:51:58 - [MESSAGE][PASSED] - Text 'Admin' is set on object 'Object Repository/Page_OrangeHRM/input_username'

2023-11-09 12:51:58 - [TEST_STEP][PASSED] - setEncryptedText(findTestObject("Object Repository/Page_OrangeHRM/input_password"), "hUKwJTbofgPU9eVlw/CnDQ=="): Text ****** has been set on object 'Object Repository/Page_OrangeHRM/input_password'

2023-11-09 12:51:59 - [MESSAGE][PASSED] - Text ****** has been set on object 'Object Repository/Page_OrangeHRM/input_password'

2023-11-09 12:51:59 - [TEST_STEP][PASSED] - click(findTestObject("Object Repository/Page_OrangeHRM/button_Login")): Object: 'Object Repository/Page_OrangeHRM/button_Login' is clicked on

2023-11-09 12:52:00 - [MESSAGE][PASSED] - Object: 'Object Repository/Page_OrangeHRM/button_Login' is clicked on

2023-11-09 12:52:00 - [TEST_STEP][PASSED] - closeBrowser(): Browser is closed

2023-11-09 12:52:01 - [MESSAGE][PASSED] - Browser is closed]]></system-out>
         <system-err><![CDATA[]]></system-err>
      </testcase>
      <testcase name="Test Cases/TestCase2" time="12.012" classname="Test Cases/TestCase2" status="PASSED">
         <system-out><![CDATA[2023-11-09 12:52:01 - [TEST_CASE][PASSED] - Test Cases/TestCase2: Test Cases/TestCase2

2023-11-09 12:52:01 - [TEST_STEP][PASSED] - openBrowser("https://opensource-demo.orangehrmlive.com/web/index.php/auth/login"): Browser is opened with url: 'https://opensource-demo.orangehrmlive.com/web/index.php/auth/login'

2023-11-09 12:52:01 - [MESSAGE][INFO] - Starting 'Chrome' driver

2023-11-09 12:52:01 - [MESSAGE][INFO] - Action delay is set to 0 milliseconds

2023-11-09 12:52:09 - [MESSAGE][PASSED] - Browser is opened with url: 'https://opensource-demo.orangehrmlive.com/web/index.php/auth/login'

2023-11-09 12:52:09 - [TEST_STEP][PASSED] - setText(findTestObject("Object Repository/Page_OrangeHRM/input_username"), "Admin"): Text 'Admin' is set on object 'Object Repository/Page_OrangeHRM/input_username'

2023-11-09 12:52:10 - [MESSAGE][PASSED] - Text 'Admin' is set on object 'Object Repository/Page_OrangeHRM/input_username'

2023-11-09 12:52:10 - [TEST_STEP][PASSED] - setEncryptedText(findTestObject("Object Repository/Page_OrangeHRM/input_password"), "hUKwJTbofgPU9eVlw/CnDQ=="): Text ****** has been set on object 'Object Repository/Page_OrangeHRM/input_password'

2023-11-09 12:52:11 - [MESSAGE][PASSED] - Text ****** has been set on object 'Object Repository/Page_OrangeHRM/input_password'

2023-11-09 12:52:11 - [TEST_STEP][PASSED] - click(findTestObject("Object Repository/Page_OrangeHRM/button_Login")): Object: 'Object Repository/Page_OrangeHRM/button_Login' is clicked on

2023-11-09 12:52:12 - [MESSAGE][PASSED] - Object: 'Object Repository/Page_OrangeHRM/button_Login' is clicked on

2023-11-09 12:52:12 - [TEST_STEP][PASSED] - closeBrowser(): Browser is closed

2023-11-09 12:52:13 - [MESSAGE][PASSED] - Browser is closed]]></system-out>
         <system-err><![CDATA[]]></system-err>
      </testcase>
      <testcase name="Test Cases/TestCase3" time="21.149" classname="Test Cases/TestCase3" status="PASSED">
         <system-out><![CDATA[2023-11-09 12:52:13 - [TEST_CASE][PASSED] - Test Cases/TestCase3: Test Cases/TestCase3

2023-11-09 12:52:13 - [TEST_STEP][PASSED] - openBrowser("https://opensource-demo.orangehrmlive.com/web/index.php/auth/login"): Browser is opened with url: 'https://opensource-demo.orangehrmlive.com/web/index.php/auth/login'

2023-11-09 12:52:13 - [MESSAGE][INFO] - Starting 'Chrome' driver

2023-11-09 12:52:13 - [MESSAGE][INFO] - Action delay is set to 0 milliseconds

2023-11-09 12:52:24 - [MESSAGE][PASSED] - Browser is opened with url: 'https://opensource-demo.orangehrmlive.com/web/index.php/auth/login'

2023-11-09 12:52:24 - [TEST_STEP][PASSED] - setText(findTestObject("Object Repository/Page_OrangeHRM/input_username"), "Admin"): Text 'Admin' is set on object 'Object Repository/Page_OrangeHRM/input_username'

2023-11-09 12:52:25 - [MESSAGE][PASSED] - Text 'Admin' is set on object 'Object Repository/Page_OrangeHRM/input_username'

2023-11-09 12:52:25 - [TEST_STEP][PASSED] - setEncryptedText(findTestObject("Object Repository/Page_OrangeHRM/input_password"), "hUKwJTbofgPU9eVlw/CnDQ=="): Text ****** has been set on object 'Object Repository/Page_OrangeHRM/input_password'

2023-11-09 12:52:25 - [MESSAGE][PASSED] - Text ****** has been set on object 'Object Repository/Page_OrangeHRM/input_password'

2023-11-09 12:52:25 - [TEST_STEP][PASSED] - click(findTestObject("Object Repository/Page_OrangeHRM/button_Login")): Object: 'Object Repository/Page_OrangeHRM/button_Login' is clicked on

2023-11-09 12:52:26 - [MESSAGE][PASSED] - Object: 'Object Repository/Page_OrangeHRM/button_Login' is clicked on

2023-11-09 12:52:26 - [TEST_STEP][PASSED] - closeBrowser(): Browser is closed

2023-11-09 12:52:34 - [MESSAGE][PASSED] - Browser is closed]]></system-out>
         <system-err><![CDATA[]]></system-err>
      </testcase>
      <system-out><![CDATA[2023-11-09 12:51:49 - [TEST_SUITE][PASSED] - TestSuiteKatalon: Test Cases/TestCase3]]></system-out>
      <system-err><![CDATA[]]></system-err>
   </testsuite>
</testsuites>
